{
  "RSpec": {
    "coverage": {
      "/Users/joshbebbington/Desktop/final-projects/config/environment.rb": [
        null,
        1,
        null,
        null,
        1
      ],
      "/Users/joshbebbington/Desktop/final-projects/config/application.rb": [
        1,
        null,
        null,
        1,
        1,
        1,
        1,
        1,
        1,
        1,
        null,
        null,
        null,
        null,
        1,
        null,
        1,
        1,
        null,
        null,
        null,
        null,
        null,
        null,
        null,
        null,
        null,
        null,
        null,
        null,
        null,
        1,
        null,
        1,
        null,
        null
      ],
      "/Users/joshbebbington/Desktop/final-projects/config/boot.rb": [
        1,
        null,
        1
      ],
      "/Users/joshbebbington/Desktop/final-projects/config/environments/test.rb": [
        1,
        null,
        null,
        null,
        null,
        null,
        null,
        1,
        null,
        null,
        null,
        null,
        1,
        null,
        null,
        1,
        1,
        null,
        null,
        1,
        1,
        null,
        null,
        1,
        null,
        null,
        1,
        null,
        null,
        null,
        null,
        1,
        null,
        null,
        1,
        null,
        null,
        1,
        null,
        null,
        null,
        null
      ],
      "/Users/joshbebbington/Desktop/final-projects/config/initializers/assets.rb": [
        null,
        null,
        null,
        1,
        null,
        null,
        null,
        null,
        null,
        null,
        null
      ],
      "/Users/joshbebbington/Desktop/final-projects/config/initializers/backtrace_silencers.rb": [
        null,
        null,
        null,
        null,
        null,
        null,
        null
      ],
      "/Users/joshbebbington/Desktop/final-projects/config/initializers/cookies_serializer.rb": [
        null,
        null,
        1
      ],
      "/Users/joshbebbington/Desktop/final-projects/config/initializers/devise.rb": [
        null,
        null,
        1,
        null,
        null,
        null,
        null,
        null,
        null,
        null,
        null,
        null,
        1,
        null,
        null,
        null,
        null,
        null,
        null,
        null,
        null,
        1,
        null,
        null,
        null,
        null,
        null,
        null,
        null,
        null,
        null,
        null,
        null,
        null,
        null,
        null,
        null,
        null,
        null,
        null,
        null,
        null,
        null,
        1,
        null,
        null,
        null,
        null,
        1,
        null,
        null,
        null,
        null,
        null,
        null,
        null,
        null,
        null,
        null,
        null,
        null,
        null,
        null,
        null,
        null,
        null,
        null,
        null,
        null,
        null,
        null,
        null,
        null,
        null,
        null,
        null,
        null,
        null,
        null,
        1,
        null,
        null,
        null,
        null,
        null,
        null,
        null,
        null,
        null,
        null,
        null,
        null,
        null,
        null,
        null,
        null,
        1,
        null,
        null,
        null,
        null,
        null,
        null,
        null,
        null,
        1,
        null,
        null,
        null,
        null,
        null,
        null,
        null,
        null,
        null,
        null,
        null,
        null,
        null,
        null,
        null,
        null,
        null,
        null,
        null,
        null,
        null,
        null,
        null,
        null,
        null,
        null,
        null,
        null,
        null,
        null,
        null,
        null,
        null,
        null,
        null,
        null,
        null,
        null,
        null,
        null,
        null,
        null,
        null,
        null,
        null,
        null,
        null,
        null,
        null,
        null,
        null,
        null,
        null,
        null,
        1,
        null,
        null,
        null,
        null,
        null,
        null,
        null,
        null,
        null,
        1,
        null,
        null,
        null,
        null,
        null,
        null,
        null,
        null,
        null,
        null,
        1,
        null,
        null,
        null,
        null,
        null,
        null,
        null,
        null,
        null,
        null,
        null,
        null,
        null,
        null,
        null,
        null,
        null,
        null,
        null,
        null,
        null,
        null,
        null,
        null,
        null,
        null,
        null,
        null,
        null,
        null,
        null,
        null,
        null,
        null,
        null,
        null,
        null,
        null,
        null,
        null,
        null,
        null,
        null,
        null,
        null,
        null,
        null,
        null,
        1,
        null,
        null,
        null,
        null,
        null,
        null,
        null,
        null,
        null,
        null,
        null,
        null,
        null,
        null,
        null,
        null,
        null,
        null,
        null,
        null,
        null,
        null,
        null,
        null,
        null,
        null,
        null,
        null,
        null,
        null,
        null,
        null,
        null,
        null,
        null,
        null,
        null,
        1,
        null,
        null,
        null,
        null,
        null,
        null,
        null,
        null,
        null,
        null,
        null,
        null,
        null,
        null,
        null,
        null,
        null,
        null,
        null,
        null,
        null,
        null,
        null,
        null,
        null,
        null,
        null,
        null,
        null
      ],
      "/Users/joshbebbington/Desktop/final-projects/config/initializers/filter_parameter_logging.rb": [
        null,
        null,
        null,
        1
      ],
      "/Users/joshbebbington/Desktop/final-projects/config/initializers/inflections.rb": [
        null,
        null,
        null,
        null,
        null,
        null,
        null,
        null,
        null,
        null,
        null,
        null,
        null,
        null,
        null,
        null
      ],
      "/Users/joshbebbington/Desktop/final-projects/config/initializers/mime_types.rb": [
        null,
        null,
        null,
        null
      ],
      "/Users/joshbebbington/Desktop/final-projects/config/initializers/session_store.rb": [
        null,
        null,
        1
      ],
      "/Users/joshbebbington/Desktop/final-projects/config/initializers/wrap_parameters.rb": [
        null,
        null,
        null,
        null,
        null,
        null,
        1,
        1,
        null,
        null,
        null,
        null,
        null,
        null
      ],
      "/Users/joshbebbington/Desktop/final-projects/config/routes.rb": [
        1,
        1,
        null,
        1,
        1,
        null,
        1,
        1,
        1,
        1,
        1,
        null,
        null,
        null,
        null,
        1,
        1,
        1,
        1,
        null,
        null,
        1,
        1,
        1,
        null,
        null,
        null,
        1,
        1,
        1,
        1,
        1,
        null,
        1,
        null,
        null,
        null,
        null,
        null,
        null,
        null,
        null,
        null,
        null,
        null,
        null,
        null,
        null,
        null,
        null,
        null,
        null,
        null,
        null,
        null,
        null,
        null,
        null,
        null,
        null,
        null,
        null,
        null,
        null,
        null,
        null,
        null,
        null,
        null,
        null,
        null,
        null,
        null,
        null,
        null,
        null,
        null,
        null,
        null,
        null,
        null,
        null,
        null,
        null,
        null,
        null,
        null,
        null,
        null,
        null,
        null,
        null
      ],
      "/Users/joshbebbington/Desktop/final-projects/app/models/admin.rb": [
        1,
        null,
        null,
        1,
        null,
        null,
        1,
        0,
        null,
        null,
        null
      ],
      "/Users/joshbebbington/Desktop/final-projects/app/helpers/admins_helper.rb": [
        1,
        null
      ],
      "/Users/joshbebbington/Desktop/final-projects/app/helpers/application_helper.rb": [
        1,
        null
      ],
      "/Users/joshbebbington/Desktop/final-projects/app/helpers/clients_helper.rb": [
        1,
        null
      ],
      "/Users/joshbebbington/Desktop/final-projects/app/helpers/home_helper.rb": [
        1,
        null
      ],
      "/Users/joshbebbington/Desktop/final-projects/app/helpers/match_task_volunteers_helper.rb": [
        1,
        null
      ],
      "/Users/joshbebbington/Desktop/final-projects/app/helpers/pages_helper.rb": [
        1,
        null
      ],
      "/Users/joshbebbington/Desktop/final-projects/app/helpers/settings_helper.rb": [
        1,
        null
      ],
      "/Users/joshbebbington/Desktop/final-projects/app/helpers/sms_helper.rb": [
        1,
        null
      ],
      "/Users/joshbebbington/Desktop/final-projects/app/helpers/tasks_helper.rb": [
        1,
        null
      ],
      "/Users/joshbebbington/Desktop/final-projects/app/helpers/volunteers_helper.rb": [
        1,
        1,
        55,
        10,
        null,
        45,
        null,
        null,
        null,
        null
      ],
      "/Users/joshbebbington/Desktop/final-projects/app/controllers/pages_controller.rb": [
        1,
        null,
        1,
        89,
        89,
        89,
        null,
        null,
        null
      ],
      "/Users/joshbebbington/Desktop/final-projects/app/controllers/application_controller.rb": [
        1,
        null,
        null,
        1,
        null,
        null,
        1,
        null,
        null,
        null,
        null,
        null,
        null,
        null,
        null,
        null,
        1,
        65,
        65,
        null,
        null
      ],
      "/Users/joshbebbington/Desktop/final-projects/app/models/task.rb": [
        1,
        1,
        1,
        null,
        90,
        90,
        90,
        90,
        268,
        null,
        1,
        6,
        6,
        null,
        null,
        1,
        6,
        6,
        null,
        null,
        1,
        0,
        null,
        null,
        1,
        0,
        0,
        0,
        0,
        0,
        0,
        null,
        null,
        null
      ],
      "/Users/joshbebbington/Desktop/final-projects/app/controllers/clients_controller.rb": [
        1,
        null,
        1,
        1,
        19,
        1,
        null,
        18,
        null,
        null,
        null,
        1,
        12,
        null,
        null,
        1,
        11,
        11,
        10,
        10,
        null,
        1,
        null,
        null,
        null,
        1,
        0,
        null,
        null,
        1,
        1,
        null,
        null,
        1,
        1,
        1,
        1,
        null,
        0,
        null,
        null,
        null,
        1,
        1,
        1,
        1,
        1,
        null,
        null,
        1,
        null,
        1,
        12,
        null,
        null,
        null
      ],
      "/Users/joshbebbington/Desktop/final-projects/app/models/client.rb": [
        1,
        null,
        null,
        1,
        1,
        1,
        1,
        1,
        null,
        1,
        1,
        null,
        20,
        null,
        1,
        1,
        null,
        null,
        null
      ],
      "/Users/joshbebbington/Desktop/final-projects/app/models/volunteer.rb": [
        1,
        1,
        1,
        1,
        1,
        1,
        null,
        1,
        1,
        1,
        null,
        3,
        null,
        3,
        10,
        3,
        1,
        null,
        1,
        1,
        null,
        null,
        1,
        1,
        1,
        1,
        null,
        null,
        null
      ],
      "/Users/joshbebbington/Desktop/final-projects/app/controllers/tasks_controller.rb": [
        1,
        null,
        1,
        1,
        0,
        null,
        null,
        1,
        2,
        2,
        null,
        null,
        1,
        2,
        2,
        2,
        2,
        2,
        2,
        null,
        0,
        null,
        null,
        null,
        1,
        0,
        0,
        0,
        null,
        null,
        1,
        0,
        0,
        null,
        null,
        1,
        2,
        2,
        2,
        2,
        2,
        null,
        null,
        null,
        1,
        2,
        null,
        null,
        null,
        null
      ],
      "/Users/joshbebbington/Desktop/final-projects/app/controllers/match_task_volunteers_controller.rb": [
        1,
        null,
        1,
        null,
        1,
        2,
        2,
        2,
        2,
        6,
        null,
        null,
        0,
        null,
        2,
        null,
        null,
        1,
        0,
        null,
        null
      ],
      "/Users/joshbebbington/Desktop/final-projects/app/models/match_task_volunteer.rb": [
        1,
        1,
        1,
        null,
        null
      ],
      "/Users/joshbebbington/Desktop/final-projects/app/controllers/settings_controller.rb": [
        1,
        null,
        1,
        1,
        null,
        null,
        1,
        1,
        null,
        null,
        null
      ],
      "/Users/joshbebbington/Desktop/final-projects/app/models/text.rb": [
        1,
        1,
        null,
        1,
        0,
        0,
        0,
        null,
        null,
        null,
        null,
        null,
        null,
        null
      ],
      "/Users/joshbebbington/Desktop/final-projects/app/controllers/texts_controller.rb": [
        1,
        null,
        1,
        null,
        1,
        5,
        5,
        5,
        null,
        null,
        null,
        1,
        0,
        0,
        0,
        null,
        0,
        null,
        0,
        0,
        null,
        null,
        null,
        null,
        1,
        0,
        0,
        0,
        null,
        0,
        0,
        null,
        null,
        1,
        0,
        0,
        0,
        0,
        null,
        null,
        null
      ],
      "/Users/joshbebbington/Desktop/final-projects/app/controllers/volunteers_controller.rb": [
        1,
        null,
        1,
        null,
        1,
        9,
        1,
        null,
        8,
        null,
        null,
        null,
        1,
        2,
        null,
        null,
        1,
        1,
        1,
        1,
        1,
        1,
        null,
        0,
        null,
        null,
        null,
        1,
        0,
        null,
        null,
        1,
        1,
        null,
        null,
        1,
        1,
        1,
        1,
        null,
        0,
        null,
        null,
        null,
        1,
        1,
        1,
        1,
        1,
        null,
        null,
        1,
        1,
        1,
        1,
        null,
        null,
        1,
        1,
        1,
        1,
        null,
        null,
        1,
        null,
        1,
        2,
        null,
        null,
        null
      ]
    },
    "timestamp": 1425491131
  }
}
